c:\users\lenovo\onedrive\desktop\data_project_2\debug\vc142.pdb
c:\users\lenovo\onedrive\desktop\data_project_2\debug\vc142.idb
c:\users\lenovo\onedrive\desktop\data_project_2\debug\poly.nativecodeanalysis.sarif
c:\users\lenovo\onedrive\desktop\data_project_2\debug\poly.nativecodeanalysis.xml
c:\users\lenovo\onedrive\desktop\data_project_2\debug\node.nativecodeanalysis.sarif
c:\users\lenovo\onedrive\desktop\data_project_2\debug\node.nativecodeanalysis.xml
c:\users\lenovo\onedrive\desktop\data_project_2\debug\main.nativecodeanalysis.sarif
c:\users\lenovo\onedrive\desktop\data_project_2\debug\main.nativecodeanalysis.xml
c:\users\lenovo\onedrive\desktop\data_project_2\debug\main.obj
c:\users\lenovo\onedrive\desktop\data_project_2\debug\node.obj
c:\users\lenovo\onedrive\desktop\data_project_2\debug\poly.obj
c:\users\lenovo\onedrive\desktop\data_project_2\debug\data_project_2.ilk
c:\users\lenovo\onedrive\desktop\data_project_2\debug\data_project_2.exe
c:\users\lenovo\onedrive\desktop\data_project_2\debug\data_project_2.pdb
c:\users\lenovo\onedrive\desktop\data_project_2\debug\vc.nativecodeanalysis.all.xml
c:\users\lenovo\onedrive\desktop\data_project_2\debug\data_project_2.tlog\cl.command.1.tlog
c:\users\lenovo\onedrive\desktop\data_project_2\debug\data_project_2.tlog\cl.read.1.tlog
c:\users\lenovo\onedrive\desktop\data_project_2\debug\data_project_2.tlog\cl.write.1.tlog
c:\users\lenovo\onedrive\desktop\data_project_2\debug\data_project_2.tlog\link.command.1.tlog
c:\users\lenovo\onedrive\desktop\data_project_2\debug\data_project_2.tlog\link.read.1.tlog
c:\users\lenovo\onedrive\desktop\data_project_2\debug\data_project_2.tlog\link.write.1.tlog
